<?xml version="1.0" encoding="UTF-8"?>
<testsuite xmlns:xsi="http://www.w3.org/2001/XMLSchema-instance" xsi:noNamespaceSchemaLocation="https://maven.apache.org/surefire/maven-surefire-plugin/xsd/surefire-test-report-3.0.xsd" version="3.0" name="tests.OrderTest" time="18.391" tests="4" errors="0" skipped="0" failures="0">
  <properties>
[...]
</properties>
  <testcase name="createOrderWithoutIngredientsShouldReturnError" classname="tests.OrderTest" time="3.872"/>
  <testcase name="createOrderWithAuthShouldReturnSuccess" classname="tests.OrderTest" time="7.202"/>
  <testcase name="createOrderWithoutAuthShouldReturnSuccess" classname="tests.OrderTest" time="3.733"/>
  <testcase name="createOrderWithWrongIngredientHashShouldReturnError" classname="tests.OrderTest" time="3.533"/>
</testsuite>